# JRE version: Java(TM) SE Runtime Environment (8.0_341-b10) (build 1.8.0_341-b10)
# Java VM: Java HotSpot(TM) 64-Bit Server VM (25.341-b10 mixed mode windows-amd64 compressed oops)
Heap:
 PSYoungGen      total 385536K, used 213035K [0x000000076b500000, 0x0000000784680000, 0x00000007c0000000)
  eden space 360960K, 54% used [0x000000076b500000,0x00000007775378f8,0x0000000781580000)
  from space 24576K, 65% used [0x0000000782e80000,0x0000000783e533b0,0x0000000784680000)
  to   space 25088K, 0% used [0x0000000781580000,0x0000000781580000,0x0000000782e00000)
 ParOldGen       total 241664K, used 44948K [0x00000006c1e00000, 0x00000006d0a00000, 0x000000076b500000)
  object space 241664K, 18% used [0x00000006c1e00000,0x00000006c49e5168,0x00000006d0a00000)
 Metaspace       used 92269K, capacity 98044K, committed 98264K, reserved 1134592K
  class space    used 11554K, capacity 12487K, committed 12544K, reserved 1048576K
GC Heap History (10 events):
Event: 6.229 GC heap before
{Heap before GC invocations=13 (full 3):
 PSYoungGen      total 282624K, used 15359K [0x000000076b500000, 0x000000077ed00000, 0x00000007c0000000)
  eden space 267264K, 0% used [0x000000076b500000,0x000000076b500000,0x000000077ba00000)
  from space 15360K, 99% used [0x000000077cb00000,0x000000077d9ffe80,0x000000077da00000)
  to   space 17408K, 0% used [0x000000077ba00000,0x000000077ba00000,0x000000077cb00000)
 ParOldGen       total 166912K, used 17169K [0x00000006c1e00000, 0x00000006cc100000, 0x000000076b500000)
  object space 166912K, 10% used [0x00000006c1e00000,0x00000006c2ec45e0,0x00000006cc100000)
 Metaspace       used 55764K, capacity 58964K, committed 58968K, reserved 1099776K
  class space    used 7513K, capacity 8060K, committed 8064K, reserved 1048576K
Event: 6.337 GC heap after
Heap after GC invocations=13 (full 3):
 PSYoungGen      total 282624K, used 0K [0x000000076b500000, 0x000000077ed00000, 0x00000007c0000000)
  eden space 267264K, 0% used [0x000000076b500000,0x000000076b500000,0x000000077ba00000)
  from space 15360K, 0% used [0x000000077cb00000,0x000000077cb00000,0x000000077da00000)
  to   space 17408K, 0% used [0x000000077ba00000,0x000000077ba00000,0x000000077cb00000)
 ParOldGen       total 241664K, used 26001K [0x00000006c1e00000, 0x00000006d0a00000, 0x000000076b500000)
  object space 241664K, 10% used [0x00000006c1e00000,0x00000006c37645e8,0x00000006d0a00000)
 Metaspace       used 55764K, capacity 58964K, committed 58968K, reserved 1099776K
  class space    used 7513K, capacity 8060K, committed 8064K, reserved 1048576K
}
Event: 7.783 GC heap before
{Heap before GC invocations=14 (full 3):
 PSYoungGen      total 282624K, used 267264K [0x000000076b500000, 0x000000077ed00000, 0x00000007c0000000)
  eden space 267264K, 100% used [0x000000076b500000,0x000000077ba00000,0x000000077ba00000)
  from space 15360K, 0% used [0x000000077cb00000,0x000000077cb00000,0x000000077da00000)
  to   space 17408K, 0% used [0x000000077ba00000,0x000000077ba00000,0x000000077cb00000)
 ParOldGen       total 241664K, used 26001K [0x00000006c1e00000, 0x00000006d0a00000, 0x000000076b500000)
  object space 241664K, 10% used [0x00000006c1e00000,0x00000006c37645e8,0x00000006d0a00000)
 Metaspace       used 64688K, capacity 68614K, committed 68696K, reserved 1107968K
  class space    used 8653K, capacity 9297K, committed 9344K, reserved 1048576K
Event: 7.794 GC heap after
Heap after GC invocations=14 (full 3):
 PSYoungGen      total 284672K, used 12012K [0x000000076b500000, 0x0000000780e80000, 0x00000007c0000000)
  eden space 267264K, 0% used [0x000000076b500000,0x000000076b500000,0x000000077ba00000)
  from space 17408K, 69% used [0x000000077ba00000,0x000000077c5bb1c0,0x000000077cb00000)
  to   space 17408K, 0% used [0x000000077fd80000,0x000000077fd80000,0x0000000780e80000)
 ParOldGen       total 241664K, used 26009K [0x00000006c1e00000, 0x00000006d0a00000, 0x000000076b500000)
  object space 241664K, 10% used [0x00000006c1e00000,0x00000006c37665e8,0x00000006d0a00000)
 Metaspace       used 64688K, capacity 68614K, committed 68696K, reserved 1107968K
  class space    used 8653K, capacity 9297K, committed 9344K, reserved 1048576K
}
Event: 9.210 GC heap before
{Heap before GC invocations=15 (full 3):
 PSYoungGen      total 284672K, used 279276K [0x000000076b500000, 0x0000000780e80000, 0x00000007c0000000)
  eden space 267264K, 100% used [0x000000076b500000,0x000000077ba00000,0x000000077ba00000)
  from space 17408K, 69% used [0x000000077ba00000,0x000000077c5bb1c0,0x000000077cb00000)
  to   space 17408K, 0% used [0x000000077fd80000,0x000000077fd80000,0x0000000780e80000)
 ParOldGen       total 241664K, used 26009K [0x00000006c1e00000, 0x00000006d0a00000, 0x000000076b500000)
  object space 241664K, 10% used [0x00000006c1e00000,0x00000006c37665e8,0x00000006d0a00000)
 Metaspace       used 70876K, capacity 75202K, committed 75480K, reserved 1114112K
  class space    used 9439K, capacity 10151K, committed 10240K, reserved 1048576K
Event: 9.219 GC heap after
Heap after GC invocations=15 (full 3):
 PSYoungGen      total 332800K, used 17377K [0x000000076b500000, 0x0000000781000000, 0x00000007c0000000)
  eden space 315392K, 0% used [0x000000076b500000,0x000000076b500000,0x000000077e900000)
  from space 17408K, 99% used [0x000000077fd80000,0x0000000780e786f0,0x0000000780e80000)
  to   space 19968K, 0% used [0x000000077e900000,0x000000077e900000,0x000000077fc80000)
 ParOldGen       total 241664K, used 27092K [0x00000006c1e00000, 0x00000006d0a00000, 0x000000076b500000)
  object space 241664K, 11% used [0x00000006c1e00000,0x00000006c3875350,0x00000006d0a00000)
 Metaspace       used 70876K, capacity 75202K, committed 75480K, reserved 1114112K
  class space    used 9439K, capacity 10151K, committed 10240K, reserved 1048576K
}
Event: 44.472 GC heap before
{Heap before GC invocations=16 (full 3):
 PSYoungGen      total 332800K, used 332769K [0x000000076b500000, 0x0000000781000000, 0x00000007c0000000)
  eden space 315392K, 100% used [0x000000076b500000,0x000000077e900000,0x000000077e900000)
  from space 17408K, 99% used [0x000000077fd80000,0x0000000780e786f0,0x0000000780e80000)
  to   space 19968K, 0% used [0x000000077e900000,0x000000077e900000,0x000000077fc80000)
 ParOldGen       total 241664K, used 27092K [0x00000006c1e00000, 0x00000006d0a00000, 0x000000076b500000)
  object space 241664K, 11% used [0x00000006c1e00000,0x00000006c3875350,0x00000006d0a00000)
 Metaspace       used 79774K, capacity 84918K, committed 85080K, reserved 1122304K
  class space    used 10533K, capacity 11373K, committed 11392K, reserved 1048576K
Event: 44.492 GC heap after
Heap after GC invocations=16 (full 3):
 PSYoungGen      total 335360K, used 19958K [0x000000076b500000, 0x0000000784680000, 0x00000007c0000000)
  eden space 315392K, 0% used [0x000000076b500000,0x000000076b500000,0x000000077e900000)
  from space 19968K, 99% used [0x000000077e900000,0x000000077fc7da28,0x000000077fc80000)
  to   space 24576K, 0% used [0x0000000782e80000,0x0000000782e80000,0x0000000784680000)
 ParOldGen       total 241664K, used 31602K [0x00000006c1e00000, 0x00000006d0a00000, 0x000000076b500000)
  object space 241664K, 13% used [0x00000006c1e00000,0x00000006c3cdcab8,0x00000006d0a00000)
 Metaspace       used 79774K, capacity 84918K, committed 85080K, reserved 1122304K
  class space    used 10533K, capacity 11373K, committed 11392K, reserved 1048576K
}
Event: 46.844 GC heap before
{Heap before GC invocations=17 (full 3):
 PSYoungGen      total 335360K, used 335350K [0x000000076b500000, 0x0000000784680000, 0x00000007c0000000)
  eden space 315392K, 100% used [0x000000076b500000,0x000000077e900000,0x000000077e900000)
  from space 19968K, 99% used [0x000000077e900000,0x000000077fc7da28,0x000000077fc80000)
  to   space 24576K, 0% used [0x0000000782e80000,0x0000000782e80000,0x0000000784680000)
 ParOldGen       total 241664K, used 31602K [0x00000006c1e00000, 0x00000006d0a00000, 0x000000076b500000)
  object space 241664K, 13% used [0x00000006c1e00000,0x00000006c3cdcab8,0x00000006d0a00000)
 Metaspace       used 89944K, capacity 95354K, committed 95448K, reserved 1132544K
  class space    used 11363K, capacity 12203K, committed 12288K, reserved 1048576K
Event: 46.858 GC heap after
Heap after GC invocations=17 (full 3):
 PSYoungGen      total 385536K, used 16204K [0x000000076b500000, 0x0000000784680000, 0x00000007c0000000)
  eden space 360960K, 0% used [0x000000076b500000,0x000000076b500000,0x0000000781580000)
  from space 24576K, 65% used [0x0000000782e80000,0x0000000783e533b0,0x0000000784680000)
  to   space 25088K, 0% used [0x0000000781580000,0x0000000781580000,0x0000000782e00000)
 ParOldGen       total 241664K, used 44948K [0x00000006c1e00000, 0x00000006d0a00000, 0x000000076b500000)
  object space 241664K, 18% used [0x00000006c1e00000,0x00000006c49e5168,0x00000006d0a00000)
 Metaspace       used 89944K, capacity 95354K, committed 95448K, reserved 1132544K
  class space    used 11363K, capacity 12203K, committed 12288K, reserved 1048576K
}

